2016-02-16T21:19:22.6126331Z,Updating branch 'master'.,84757d9e-06e5-441d-9bd0-7c3a5a12a6c7,0
2016-02-16T21:19:37.4324873Z,Updating submodules.,90440648-80d3-4819-a3f2-631993edc413,0
2016-02-16T21:19:37.5575036Z,Preparing deployment for commit id 'f42acf1de4'.,b7e6464d-df8f-4e09-b522-ba8963854919,0
2016-02-16T21:19:42.5120620Z,Generating deployment script.,93a68789-4f02-4d28-977e-1280481f5212,0
	2016-02-16T21:19:42.6214579Z,Using cached version of deployment script (command: 'azure -y --no-dot-deployment -r "D:\home\site\repository" -o "D:\home\site\deployments\tools" --node --sitePath "D:\home\site\repository"').,,0
2016-02-16T21:19:42.7011198Z,Running deployment command...,c0e22566-931b-4f8b-8744-a3297a390374,0
	2016-02-16T21:19:42.7324184Z,Command: "D:\home\site\deployments\tools\deploy.cmd",,0
	2016-02-16T21:19:43.8926883Z,Handling node.js deployment.,,0
	2016-02-16T21:20:01.9370758Z,KuduSync.NET from: 'D:\home\site\repository' to: 'D:\home\site\wwwroot',,0
	2016-02-16T21:20:01.9683238Z,Copying file: 'css\style.css',,0
	2016-02-16T21:20:01.9839282Z,Copying file: 'js\app.js',,0
	2016-02-16T21:20:01.9839282Z,Copying file: 'js\controllers.js',,0
	2016-02-16T21:20:02.0162425Z,Copying file: 'node_modules\.bin\errno',,0
	2016-02-16T21:20:02.0464304Z,Copying file: 'node_modules\.bin\esparse',,0
	2016-02-16T21:20:02.0776811Z,Copying file: 'node_modules\.bin\esvalidate',,0
	2016-02-16T21:20:02.1123299Z,Copying file: 'node_modules\.bin\json5',,0
	2016-02-16T21:20:02.1123299Z,Copying file: 'node_modules\.bin\mkdirp',,0
	2016-02-16T21:20:02.1401867Z,Copying file: 'node_modules\.bin\sha.js',,0
	2016-02-16T21:20:02.1558425Z,Copying file: 'node_modules\.bin\uglifyjs',,0
	2016-02-16T21:20:02.1558425Z,Copying file: 'node_modules\.bin\uuid',,0
	2016-02-16T21:20:02.2495610Z,Copying file: 'node_modules\.bin\webpack',,0
	2016-02-16T21:20:02.2808126Z,Copying file: 'node_modules\serve-static\node_modules\.bin\mime',,0
	2016-02-16T21:20:02.3132488Z,Copying file: 'templates\speaker-detail.html',,0
	2016-02-16T21:20:02.4098081Z,Copying file: 'templates\tab-schedule.html',,0
	2016-02-16T21:20:02.4995701Z,Copying file: 'templates\tab-sponsors.html',,0
	2016-02-16T21:20:02.5335766Z,Copying file: 'templates\tabs.html',,0
	2016-02-16T21:20:02.7652336Z,Looking for app.js/server.js under site root.,,0
	2016-02-16T21:20:02.8120800Z,Using start-up script app.js,,0
	2016-02-16T21:20:02.9527347Z,Generated web.config.,,0
	2016-02-16T21:20:02.9888286Z,The package.json file does not specify node.js engine version constraints.,,0
	2016-02-16T21:20:03.0170173Z,The node.js application will run with the default node.js version 4.1.2.,,0
	2016-02-16T21:20:03.0170173Z,Selected npm version 3.3.6,,0
	2016-02-16T21:20:18.5380025Z,npm WARN install Couldn't install optional dependency: Unsupported,,1
	2016-02-16T21:20:33.9067332Z,Finished successfully.,,0
2016-02-16T21:20:34.0161296Z,Running post deployment command(s)...,29054aa9-7f57-415c-b3f4-ca91e26fa4b2,0
2016-02-16T21:20:34.1178373Z,Deployment successful.,35bb7a76-d3ed-4050-84a3-c1d8a0d854b2,0
