2016-02-16T21:43:12.6031015Z,Updating branch 'master'.,c65a667a-0b63-4b38-a9d2-41b2f65c7042,0
2016-02-16T21:43:16.1317982Z,Updating submodules.,d01f646d-7032-49c1-b67a-ac2e7ee9fcb2,0
2016-02-16T21:43:16.2255893Z,Preparing deployment for commit id '77badeeca1'.,6995becc-a4f8-4433-b215-bc86ef6b3df1,0
2016-02-16T21:43:20.4401776Z,Generating deployment script.,b43d3d58-2fb9-434b-8aaa-dc1e704bff69,0
	2016-02-16T21:43:20.5026405Z,Using cached version of deployment script (command: 'azure -y --no-dot-deployment -r "D:\home\site\repository" -o "D:\home\site\deployments\tools" --node --sitePath "D:\home\site\repository"').,,0
2016-02-16T21:43:20.5495249Z,Running deployment command...,d8127704-6f90-477b-bdfe-5d660b0ff485,0
	2016-02-16T21:43:20.5651727Z,Command: "D:\home\site\deployments\tools\deploy.cmd",,0
	2016-02-16T21:43:21.6765457Z,Handling node.js deployment.,,0
	2016-02-16T21:43:30.6912431Z,KuduSync.NET from: 'D:\home\site\repository' to: 'D:\home\site\wwwroot',,0
	2016-02-16T21:43:30.7072655Z,Copying file: 'images\logo-wide.png',,0
	2016-02-16T21:43:30.7224996Z,Copying file: 'node_modules\.bin\errno',,0
	2016-02-16T21:43:30.7381228Z,Copying file: 'node_modules\.bin\esparse',,0
	2016-02-16T21:43:30.7693725Z,Copying file: 'node_modules\.bin\esvalidate',,0
	2016-02-16T21:43:30.7849991Z,Copying file: 'node_modules\.bin\json5',,0
	2016-02-16T21:43:30.8369266Z,Copying file: 'node_modules\.bin\mkdirp',,0
	2016-02-16T21:43:30.8667619Z,Copying file: 'node_modules\.bin\sha.js',,0
	2016-02-16T21:43:30.8969385Z,Copying file: 'node_modules\.bin\uglifyjs',,0
	2016-02-16T21:43:30.9267315Z,Copying file: 'node_modules\.bin\uuid',,0
	2016-02-16T21:43:30.9568773Z,Copying file: 'node_modules\.bin\webpack',,0
	2016-02-16T21:43:31.0057094Z,Copying file: 'node_modules\serve-static\node_modules\.bin\mime',,0
	2016-02-16T21:43:31.1460324Z,Copying file: 'templates\tab-sponsors.html',,0
	2016-02-16T21:43:31.2896452Z,Looking for app.js/server.js under site root.,,0
	2016-02-16T21:43:31.3009914Z,Using start-up script app.js,,0
	2016-02-16T21:43:31.3318891Z,Generated web.config.,,0
	2016-02-16T21:43:31.3506848Z,The package.json file does not specify node.js engine version constraints.,,0
	2016-02-16T21:43:31.3631393Z,The node.js application will run with the default node.js version 4.1.2.,,0
	2016-02-16T21:43:31.3787680Z,Selected npm version 3.3.6,,0
	2016-02-16T21:43:40.3153404Z,npm WARN install Couldn't install optional dependency: Unsupported,,1
	2016-02-16T21:43:51.9085273Z,Finished successfully.,,0
2016-02-16T21:43:51.9987990Z,Running post deployment command(s)...,3beef631-ef32-48ce-9cae-0f456704decf,0
2016-02-16T21:43:52.0769166Z,Deployment successful.,fd6c93d4-2add-4d11-b5f3-d5e947fd9d7a,0
