2016-02-11T03:31:45.1837252Z,Updating branch 'master'.,e9dae386-3679-4a4f-8619-0b5ae3b75511,0
2016-02-11T03:31:48.7573922Z,Updating submodules.,9c89c71e-116e-4474-af29-7116811d6374,0
2016-02-11T03:31:48.8282133Z,Preparing deployment for commit id '8a75572093'.,3dc0f870-4140-4ce7-bb10-99ae1bb2a288,0
2016-02-11T03:31:53.3873219Z,Generating deployment script.,d20f4504-29cb-4eff-8a6d-9c94e0ad6708,0
	2016-02-11T03:31:53.4498249Z,Using cached version of deployment script (command: 'azure -y --no-dot-deployment -r "D:\home\site\repository" -o "D:\home\site\deployments\tools" --node --sitePath "D:\home\site\repository"').,,0
2016-02-11T03:31:53.5435939Z,Running deployment command...,f639eb23-ef67-43e7-ae5b-74ead23edbcf,0
	2016-02-11T03:31:53.5592209Z,Command: "D:\home\site\deployments\tools\deploy.cmd",,0
	2016-02-11T03:31:54.6061142Z,Handling node.js deployment.,,0
	2016-02-11T03:32:00.6679433Z,KuduSync.NET from: 'D:\home\site\repository' to: 'D:\home\site\wwwroot',,0
	2016-02-11T03:32:00.6884575Z,Copying file: 'kindle.html',,0
	2016-02-11T03:32:00.6991962Z,Copying file: 'node_modules\.bin\errno',,0
	2016-02-11T03:32:00.6991962Z,Copying file: 'node_modules\.bin\esparse',,0
	2016-02-11T03:32:00.7304415Z,Copying file: 'node_modules\.bin\esvalidate',,0
	2016-02-11T03:32:00.7642902Z,Copying file: 'node_modules\.bin\json5',,0
	2016-02-11T03:32:00.7943661Z,Copying file: 'node_modules\.bin\mkdirp',,0
	2016-02-11T03:32:00.8736986Z,Copying file: 'node_modules\.bin\sha.js',,0
	2016-02-11T03:32:00.9231647Z,Copying file: 'node_modules\.bin\uglifyjs',,0
	2016-02-11T03:32:00.9648225Z,Copying file: 'node_modules\.bin\uuid',,0
	2016-02-11T03:32:01.0126044Z,Copying file: 'node_modules\.bin\webpack',,0
	2016-02-11T03:32:01.0623863Z,Copying file: 'node_modules\serve-static\node_modules\.bin\mime',,0
	2016-02-11T03:32:01.2153463Z,Looking for app.js/server.js under site root.,,0
	2016-02-11T03:32:01.2304517Z,Using start-up script app.js,,0
	2016-02-11T03:32:01.2460952Z,Generated web.config.,,0
	2016-02-11T03:32:01.2773453Z,The package.json file does not specify node.js engine version constraints.,,0
	2016-02-11T03:32:01.2929543Z,The node.js application will run with the default node.js version 4.1.2.,,0
	2016-02-11T03:32:01.3242216Z,Selected npm version 3.3.6,,0
	2016-02-11T03:32:09.8506102Z,npm WARN install Couldn't install optional dependency: Unsupported,,1
	2016-02-11T03:32:23.7117203Z,Finished successfully.,,0
2016-02-11T03:32:23.8210924Z,Running post deployment command(s)...,697a6fa3-1e19-4d2e-870f-e78da6322268,0
2016-02-11T03:32:23.9304715Z,Deployment successful.,53bd7f8a-1728-430c-85c0-b915477bbc49,0
