2016-02-11T18:50:09.5038470Z,Updating branch 'master'.,71bc959b-6a9f-488f-b12e-0e5e1d2bf883,0
2016-02-11T18:50:13.4760073Z,Updating submodules.,c64ca5dc-6d86-4b4f-9e55-a724d68c1372,0
2016-02-11T18:50:13.5853900Z,Preparing deployment for commit id '838379d93f'.,06c7a49f-77b4-4c7d-ae9e-e3db7b855b94,0
2016-02-11T18:50:17.6587946Z,Generating deployment script.,c9b35e7c-0542-4d9a-ae98-421785f86900,0
	2016-02-11T18:50:17.7387020Z,Using cached version of deployment script (command: 'azure -y --no-dot-deployment -r "D:\home\site\repository" -o "D:\home\site\deployments\tools" --node --sitePath "D:\home\site\repository"').,,0
2016-02-11T18:50:17.8042249Z,Running deployment command...,6028ec93-8bd5-42dc-a28e-a49e238c1418,0
	2016-02-11T18:50:17.8185640Z,Command: "D:\home\site\deployments\tools\deploy.cmd",,0
	2016-02-11T18:50:18.8503438Z,Handling node.js deployment.,,0
	2016-02-11T18:50:26.5846968Z,KuduSync.NET from: 'D:\home\site\repository' to: 'D:\home\site\wwwroot',,0
	2016-02-11T18:50:26.6019608Z,Copying file: 'app.js',,0
	2016-02-11T18:50:26.6159690Z,Copying file: 'node_modules\.bin\errno',,0
	2016-02-11T18:50:26.6315919Z,Copying file: 'node_modules\.bin\esparse',,0
	2016-02-11T18:50:26.6541247Z,Copying file: 'node_modules\.bin\esvalidate',,0
	2016-02-11T18:50:26.6887664Z,Copying file: 'node_modules\.bin\json5',,0
	2016-02-11T18:50:27.2010186Z,Copying file: 'node_modules\.bin\mkdirp',,0
	2016-02-11T18:50:27.6388163Z,Copying file: 'node_modules\.bin\sha.js',,0
	2016-02-11T18:50:27.7984912Z,Copying file: 'node_modules\.bin\uglifyjs',,0
	2016-02-11T18:50:27.9380004Z,Copying file: 'node_modules\.bin\uuid',,0
	2016-02-11T18:50:28.6229299Z,Copying file: 'node_modules\.bin\webpack',,0
	2016-02-11T18:50:30.8886147Z,Copying file: 'node_modules\serve-static\node_modules\.bin\mime',,0
	2016-02-11T18:50:31.7326043Z,Looking for app.js/server.js under site root.,,0
	2016-02-11T18:50:31.8302804Z,Using start-up script app.js,,0
	2016-02-11T18:50:31.9390851Z,Generated web.config.,,0
	2016-02-11T18:50:31.9690702Z,The package.json file does not specify node.js engine version constraints.,,0
	2016-02-11T18:50:31.9823916Z,The node.js application will run with the default node.js version 4.1.2.,,0
	2016-02-11T18:50:32.0136424Z,Selected npm version 3.3.6,,0
	2016-02-11T18:50:38.1980688Z,npm WARN install Couldn't install optional dependency: Unsupported,,1
	2016-02-11T18:50:48.8311121Z,Finished successfully.,,0
2016-02-11T18:50:48.9248649Z,Running post deployment command(s)...,347d6b0e-965c-408e-b7a7-6efd3d08282c,0
2016-02-11T18:50:49.0185912Z,Deployment successful.,881d32aa-d273-40ce-8489-399e75800e69,0
