2016-02-11T18:25:23.3479669Z,Updating branch 'master'.,8d9d33f0-5c84-4a66-8db3-df7a7d5b0bb8,0
2016-02-11T18:25:26.7880249Z,Updating submodules.,8a88e7e8-3a14-41f5-93c5-57f21c80223d,0
2016-02-11T18:25:26.8554054Z,Preparing deployment for commit id 'b9ba9a5220'.,a33750b9-d65c-430c-bc98-eddef37eb2f2,0
2016-02-11T18:25:32.7795963Z,Generating deployment script.,ed21841e-e8c8-4278-8003-4f56241c769f,0
	2016-02-11T18:25:32.8889465Z,Using cached version of deployment script (command: 'azure -y --no-dot-deployment -r "D:\home\site\repository" -o "D:\home\site\deployments\tools" --node --sitePath "D:\home\site\repository"').,,0
2016-02-11T18:25:32.9646753Z,Running deployment command...,12893be6-6aba-469f-8c29-0969dfe513cc,0
	2016-02-11T18:25:32.9803094Z,Command: "D:\home\site\deployments\tools\deploy.cmd",,0
	2016-02-11T18:25:33.8553304Z,Handling node.js deployment.,,0
	2016-02-11T18:25:42.8024599Z,KuduSync.NET from: 'D:\home\site\repository' to: 'D:\home\site\wwwroot',,0
	2016-02-11T18:25:42.8337092Z,Copying file: 'app.js',,0
	2016-02-11T18:25:42.8493890Z,Copying file: 'node_modules\.bin\errno',,0
	2016-02-11T18:25:42.8650951Z,Copying file: 'node_modules\.bin\esparse',,0
	2016-02-11T18:25:42.9126381Z,Copying file: 'node_modules\.bin\esvalidate',,0
	2016-02-11T18:25:43.1313680Z,Copying file: 'node_modules\.bin\json5',,0
	2016-02-11T18:25:43.1618411Z,Copying file: 'node_modules\.bin\mkdirp',,0
	2016-02-11T18:25:43.1930926Z,Copying file: 'node_modules\.bin\sha.js',,0
	2016-02-11T18:25:43.2112213Z,Copying file: 'node_modules\.bin\uglifyjs',,0
	2016-02-11T18:25:43.2243441Z,Copying file: 'node_modules\.bin\uuid',,0
	2016-02-11T18:25:43.2561229Z,Copying file: 'node_modules\.bin\webpack',,0
	2016-02-11T18:25:43.2870071Z,Copying file: 'node_modules\serve-static\node_modules\.bin\mime',,0
	2016-02-11T18:25:43.7880373Z,Looking for app.js/server.js under site root.,,0
	2016-02-11T18:25:43.8039116Z,Using start-up script app.js,,0
	2016-02-11T18:25:43.8193085Z,Generated web.config.,,0
	2016-02-11T18:25:43.8349135Z,The package.json file does not specify node.js engine version constraints.,,0
	2016-02-11T18:25:43.8679780Z,The node.js application will run with the default node.js version 4.1.2.,,0
	2016-02-11T18:25:43.8974567Z,Selected npm version 3.3.6,,0
	2016-02-11T18:25:54.9611306Z,npm WARN install Couldn't install optional dependency: Unsupported,,1
	2016-02-11T18:26:05.4753675Z,Finished successfully.,,0
2016-02-11T18:26:05.5759827Z,Running post deployment command(s)...,92380e68-6f11-4563-a07d-a8f3a059640b,0
2016-02-11T18:26:05.6725951Z,Deployment successful.,79a6b715-1bb5-4ae5-a3ec-30e56addc8af,0
