2016-02-11T03:34:08.9880637Z,Updating branch 'master'.,f6cbe8af-7ffb-4f9a-8f33-daa5c25aa961,0
2016-02-11T03:34:12.6451399Z,Updating submodules.,96953b62-8469-4fbf-8d7e-5c2aebda14a9,0
2016-02-11T03:34:12.7510418Z,Preparing deployment for commit id '162053a912'.,60809dae-1862-4cee-a2c8-3b3465034b66,0
2016-02-11T03:34:16.3132950Z,Generating deployment script.,c907d181-36b8-4980-bf95-0f480d027f01,0
	2016-02-11T03:34:16.3625072Z,Using cached version of deployment script (command: 'azure -y --no-dot-deployment -r "D:\home\site\repository" -o "D:\home\site\deployments\tools" --node --sitePath "D:\home\site\repository"').,,0
2016-02-11T03:34:16.4718382Z,Running deployment command...,f8bf8090-7865-49fb-9275-c4d9ebb62420,0
	2016-02-11T03:34:16.4718382Z,Command: "D:\home\site\deployments\tools\deploy.cmd",,0
	2016-02-11T03:34:17.6515142Z,Handling node.js deployment.,,0
	2016-02-11T03:34:24.3528176Z,KuduSync.NET from: 'D:\home\site\repository' to: 'D:\home\site\wwwroot',,0
	2016-02-11T03:34:24.3711515Z,Copying file: 'kindle.html',,0
	2016-02-11T03:34:24.3867748Z,Copying file: 'node_modules\.bin\errno',,0
	2016-02-11T03:34:24.4025374Z,Copying file: 'node_modules\.bin\esparse',,0
	2016-02-11T03:34:24.4180452Z,Copying file: 'node_modules\.bin\esvalidate',,0
	2016-02-11T03:34:24.4492777Z,Copying file: 'node_modules\.bin\json5',,0
	2016-02-11T03:34:24.6680306Z,Copying file: 'node_modules\.bin\mkdirp',,0
	2016-02-11T03:34:24.8137836Z,Copying file: 'node_modules\.bin\sha.js',,0
	2016-02-11T03:34:24.8720373Z,Copying file: 'node_modules\.bin\uglifyjs',,0
	2016-02-11T03:34:24.8867897Z,Copying file: 'node_modules\.bin\uuid',,0
	2016-02-11T03:34:24.9184108Z,Copying file: 'node_modules\.bin\webpack',,0
	2016-02-11T03:34:24.9493034Z,Copying file: 'node_modules\serve-static\node_modules\.bin\mime',,0
	2016-02-11T03:34:24.9649109Z,Looking for app.js/server.js under site root.,,0
	2016-02-11T03:34:25.8555531Z,Using start-up script app.js,,0
	2016-02-11T03:34:26.5011074Z,Generated web.config.,,0
	2016-02-11T03:34:27.2774789Z,The package.json file does not specify node.js engine version constraints.,,0
	2016-02-11T03:34:27.3567287Z,The node.js application will run with the default node.js version 4.1.2.,,0
	2016-02-11T03:34:27.5274608Z,Selected npm version 3.3.6,,0
	2016-02-11T03:34:33.3622960Z,npm WARN install Couldn't install optional dependency: Unsupported,,1
	2016-02-11T03:34:43.6555678Z,Finished successfully.,,0
2016-02-11T03:34:43.7493225Z,Running post deployment command(s)...,57714b27-994d-467f-b933-25ee55d9dee0,0
2016-02-11T03:34:43.8430955Z,Deployment successful.,48f1af82-d464-441f-805f-d779d07d54f2,0
